0 info it worked if it ends with ok
1 verbose cli [ 'D:\\Program Files\\nodejs\\node.exe',
1 verbose cli   'D:\\Program Files\\nodejs\\node_modules\\npm\\bin\\npm-cli.js',
1 verbose cli   'start' ]
2 info using npm@3.10.10
3 info using node@v6.11.4
4 verbose run-script [ 'prestart', 'start', 'poststart' ]
5 info lifecycle react1706@1.0.0~prestart: react1706@1.0.0
6 silly lifecycle react1706@1.0.0~prestart: no script for prestart, continuing
7 info lifecycle react1706@1.0.0~start: react1706@1.0.0
8 verbose lifecycle react1706@1.0.0~start: unsafe-perm in lifecycle true
9 verbose lifecycle react1706@1.0.0~start: PATH: D:\Program Files\nodejs\node_modules\npm\bin\node-gyp-bin;D:\HTML5\series3\node\reactapp\node_modules\.bin;C:\ProgramData\Oracle\Java\javapath;C:\WINDOWS\system32;C:\WINDOWS;C:\WINDOWS\System32\Wbem;C:\WINDOWS\System32\WindowsPowerShell\v1.0\;D:\Program Files\MySQL\MySQL Server 5.5\bin;C:\Program Files\Java\jdk1.8.0_66\jre\bin;C:\Program Files\Java\jdk1.8.0_66\bin;D:\sdk1\platform-tools;C:\Program Files\apache-maven-3.5.0\bin;D:\Program Files\Git\cmd;D:\Program Files\nodejs\;D:\MongoDB\Server\3.4\bin;C:\Users\朱洪栏\AppData\Local\Yarn\bin;C:;Program Files\TortoiseSVN\bin;C:\Program Files\Git\cmd;D:\Ruby23-x64\bin;C:\Users\朱洪栏\AppData\Local\Microsoft\WindowsApps;D:\Program Files\Java\jdk1.8.0_66\bin;D:\Program Files\Microsoft VS Code\bin;C:\Users\朱洪栏\AppData\Roaming\npm;C:\Users\朱洪栏\AppData\Local\Yarn\bin;;C:\Users\朱洪栏\AppData\Local\Microsoft\WindowsApps
10 verbose lifecycle react1706@1.0.0~start: CWD: D:\HTML5\series3\node\reactapp
11 silly lifecycle react1706@1.0.0~start: Args: [ '/d /s /c',
11 silly lifecycle   'webpack-dev-server --inline --hot --history-api-fallback' ]
12 silly lifecycle react1706@1.0.0~start: Returned: code: 1  signal: null
13 info lifecycle react1706@1.0.0~start: Failed to exec start script
14 verbose stack Error: react1706@1.0.0 start: `webpack-dev-server --inline --hot --history-api-fallback`
14 verbose stack Exit status 1
14 verbose stack     at EventEmitter.<anonymous> (D:\Program Files\nodejs\node_modules\npm\lib\utils\lifecycle.js:255:16)
14 verbose stack     at emitTwo (events.js:106:13)
14 verbose stack     at EventEmitter.emit (events.js:191:7)
14 verbose stack     at ChildProcess.<anonymous> (D:\Program Files\nodejs\node_modules\npm\lib\utils\spawn.js:40:14)
14 verbose stack     at emitTwo (events.js:106:13)
14 verbose stack     at ChildProcess.emit (events.js:191:7)
14 verbose stack     at maybeClose (internal/child_process.js:920:16)
14 verbose stack     at Process.ChildProcess._handle.onexit (internal/child_process.js:230:5)
15 verbose pkgid react1706@1.0.0
16 verbose cwd D:\HTML5\series3\node\reactapp\src\scripts\one\containers
17 error Windows_NT 10.0.16299
18 error argv "D:\\Program Files\\nodejs\\node.exe" "D:\\Program Files\\nodejs\\node_modules\\npm\\bin\\npm-cli.js" "start"
19 error node v6.11.4
20 error npm  v3.10.10
21 error code ELIFECYCLE
22 error react1706@1.0.0 start: `webpack-dev-server --inline --hot --history-api-fallback`
22 error Exit status 1
23 error Failed at the react1706@1.0.0 start script 'webpack-dev-server --inline --hot --history-api-fallback'.
23 error Make sure you have the latest version of node.js and npm installed.
23 error If you do, this is most likely a problem with the react1706 package,
23 error not with npm itself.
23 error Tell the author that this fails on your system:
23 error     webpack-dev-server --inline --hot --history-api-fallback
23 error You can get information on how to open an issue for this project with:
23 error     npm bugs react1706
23 error Or if that isn't available, you can get their info via:
23 error     npm owner ls react1706
23 error There is likely additional logging output above.
24 verbose exit [ 1, true ]
